Determining if the pthread_create exist failed with the following output:
Change Dir: /home/whil/Desktop/WoodenMan/build/CMakeFiles/CMakeTmp

Run Build Command(s):/usr/bin/make cmTC_95ee7/fast 
/usr/bin/make -f CMakeFiles/cmTC_95ee7.dir/build.make CMakeFiles/cmTC_95ee7.dir/build
make[1]: Entering directory '/home/whil/Desktop/WoodenMan/build/CMakeFiles/CMakeTmp'
Building C object CMakeFiles/cmTC_95ee7.dir/CheckSymbolExists.c.o
/usr/bin/cc    -o CMakeFiles/cmTC_95ee7.dir/CheckSymbolExists.c.o   -c /home/whil/Desktop/WoodenMan/build/CMakeFiles/CMakeTmp/CheckSymbolExists.c
Linking C executable cmTC_95ee7
/usr/local/bin/cmake -E cmake_link_script CMakeFiles/cmTC_95ee7.dir/link.txt --verbose=1
/usr/bin/cc      -rdynamic CMakeFiles/cmTC_95ee7.dir/CheckSymbolExists.c.o  -o cmTC_95ee7 
CMakeFiles/cmTC_95ee7.dir/CheckSymbolExists.c.o: In function `main':
CheckSymbolExists.c:(.text+0x1b): undefined reference to `pthread_create'
collect2: error: ld returned 1 exit status
CMakeFiles/cmTC_95ee7.dir/build.make:86: recipe for target 'cmTC_95ee7' failed
make[1]: *** [cmTC_95ee7] Error 1
make[1]: Leaving directory '/home/whil/Desktop/WoodenMan/build/CMakeFiles/CMakeTmp'
Makefile:121: recipe for target 'cmTC_95ee7/fast' failed
make: *** [cmTC_95ee7/fast] Error 2

File /home/whil/Desktop/WoodenMan/build/CMakeFiles/CMakeTmp/CheckSymbolExists.c:
/* */
#include <pthread.h>

int main(int argc, char** argv)
{
  (void)argv;
#ifndef pthread_create
  return ((int*)(&pthread_create))[argc];
#else
  (void)argc;
  return 0;
#endif
}

Determining if the function pthread_create exists in the pthreads failed with the following output:
Change Dir: /home/whil/Desktop/WoodenMan/build/CMakeFiles/CMakeTmp

Run Build Command(s):/usr/bin/make cmTC_26661/fast 
/usr/bin/make -f CMakeFiles/cmTC_26661.dir/build.make CMakeFiles/cmTC_26661.dir/build
make[1]: Entering directory '/home/whil/Desktop/WoodenMan/build/CMakeFiles/CMakeTmp'
Building C object CMakeFiles/cmTC_26661.dir/CheckFunctionExists.c.o
/usr/bin/cc   -DCHECK_FUNCTION_EXISTS=pthread_create   -o CMakeFiles/cmTC_26661.dir/CheckFunctionExists.c.o   -c /usr/local/share/cmake-3.14/Modules/CheckFunctionExists.c
Linking C executable cmTC_26661
/usr/local/bin/cmake -E cmake_link_script CMakeFiles/cmTC_26661.dir/link.txt --verbose=1
/usr/bin/cc  -DCHECK_FUNCTION_EXISTS=pthread_create    -rdynamic CMakeFiles/cmTC_26661.dir/CheckFunctionExists.c.o  -o cmTC_26661 -lpthreads 
/usr/bin/ld: cannot find -lpthreads
collect2: error: ld returned 1 exit status
CMakeFiles/cmTC_26661.dir/build.make:86: recipe for target 'cmTC_26661' failed
make[1]: *** [cmTC_26661] Error 1
make[1]: Leaving directory '/home/whil/Desktop/WoodenMan/build/CMakeFiles/CMakeTmp'
Makefile:121: recipe for target 'cmTC_26661/fast' failed
make: *** [cmTC_26661/fast] Error 2


